mode: set
golang-coding-challenge/usecases/transaction.go:30.131,35.2 1 1
golang-coding-challenge/usecases/transaction.go:37.107,39.16 2 1
golang-coding-challenge/usecases/transaction.go:43.2,44.16 2 1
golang-coding-challenge/usecases/transaction.go:48.2,48.27 1 1
golang-coding-challenge/usecases/transaction.go:53.2,53.43 1 1
golang-coding-challenge/usecases/transaction.go:39.16,41.3 1 1
golang-coding-challenge/usecases/transaction.go:44.16,46.3 1 1
golang-coding-challenge/usecases/transaction.go:48.27,51.3 2 1
golang-coding-challenge/usecases/transaction.go:56.131,58.16 2 1
golang-coding-challenge/usecases/transaction.go:62.2,62.26 1 1
golang-coding-challenge/usecases/transaction.go:75.2,75.50 1 1
golang-coding-challenge/usecases/transaction.go:58.16,60.3 1 1
golang-coding-challenge/usecases/transaction.go:62.26,68.17 2 1
golang-coding-challenge/usecases/transaction.go:71.3,72.31 2 1
golang-coding-challenge/usecases/transaction.go:68.17,70.4 1 1
golang-coding-challenge/usecases/transaction.go:78.117,80.16 2 1
golang-coding-challenge/usecases/transaction.go:84.2,85.16 2 1
golang-coding-challenge/usecases/transaction.go:89.2,89.27 1 1
golang-coding-challenge/usecases/transaction.go:100.2,106.26 2 1
golang-coding-challenge/usecases/transaction.go:80.16,82.3 1 1
golang-coding-challenge/usecases/transaction.go:85.16,87.3 1 1
golang-coding-challenge/usecases/transaction.go:89.27,98.3 3 1
