mode: set
golang-coding-challenge/usecases/transaction.go:31.131,36.2 1 1
golang-coding-challenge/usecases/transaction.go:38.107,40.16 2 1
golang-coding-challenge/usecases/transaction.go:44.2,45.16 2 1
golang-coding-challenge/usecases/transaction.go:49.2,49.27 1 1
golang-coding-challenge/usecases/transaction.go:54.2,54.43 1 1
golang-coding-challenge/usecases/transaction.go:40.16,42.3 1 1
golang-coding-challenge/usecases/transaction.go:45.16,47.3 1 1
golang-coding-challenge/usecases/transaction.go:49.27,52.3 2 1
golang-coding-challenge/usecases/transaction.go:57.131,59.16 2 1
golang-coding-challenge/usecases/transaction.go:87.2,87.43 1 1
golang-coding-challenge/usecases/transaction.go:129.2,129.54 1 1
golang-coding-challenge/usecases/transaction.go:59.16,61.3 1 1
golang-coding-challenge/usecases/transaction.go:87.43,88.43 1 1
golang-coding-challenge/usecases/transaction.go:88.43,90.4 1 1
golang-coding-challenge/usecases/transaction.go:90.9,96.18 2 1
golang-coding-challenge/usecases/transaction.go:99.4,102.72 3 1
golang-coding-challenge/usecases/transaction.go:106.4,107.32 2 1
golang-coding-challenge/usecases/transaction.go:96.18,98.5 1 1
golang-coding-challenge/usecases/transaction.go:102.72,104.5 1 1
golang-coding-challenge/usecases/transaction.go:109.8,109.49 1 1
golang-coding-challenge/usecases/transaction.go:109.49,115.17 2 1
golang-coding-challenge/usecases/transaction.go:118.3,121.71 3 1
golang-coding-challenge/usecases/transaction.go:125.3,126.31 2 1
golang-coding-challenge/usecases/transaction.go:115.17,117.4 1 1
golang-coding-challenge/usecases/transaction.go:121.71,123.4 1 1
golang-coding-challenge/usecases/transaction.go:132.117,134.16 2 1
golang-coding-challenge/usecases/transaction.go:138.2,139.16 2 1
golang-coding-challenge/usecases/transaction.go:143.2,143.27 1 1
golang-coding-challenge/usecases/transaction.go:154.2,160.26 2 1
golang-coding-challenge/usecases/transaction.go:134.16,136.3 1 1
golang-coding-challenge/usecases/transaction.go:139.16,141.3 1 1
golang-coding-challenge/usecases/transaction.go:143.27,152.3 3 1
